#
# There is insufficient memory for the Java Runtime Environment to continue.
# Native memory allocation (mmap) failed to map 82837504 bytes for committing reserved memory.
# Possible reasons:
#   The system is out of physical RAM or swap space
#   In 32 bit mode, the process size limit was hit
# Possible solutions:
#   Reduce memory load on the system
#   Increase physical memory or swap space
#   Check if swap backing store is full
#   Use 64 bit Java on a 64 bit OS
#   Decrease Java heap size (-Xmx/-Xms)
#   Decrease number of Java threads
#   Decrease Java thread stack sizes (-Xss)
#   Set larger code cache with -XX:ReservedCodeCacheSize=
# This output file may be truncated or incomplete.
#
#  Out of Memory Error (os_linux.cpp:2627), pid=3214, tid=0x00007f3c65e26700
#
# JRE version:  (8.0_101-b13) (build )
# Java VM: Java HotSpot(TM) 64-Bit Server VM (25.101-b13 mixed mode linux-amd64 compressed oops)
# Failed to write core dump. Core dumps have been disabled. To enable core dumping, try "ulimit -c unlimited" before starting Java again
#

---------------  T H R E A D  ---------------

Current thread (0x00007f3c5c00a000):  JavaThread "Unknown thread" [_thread_in_vm, id=3219, stack(0x00007f3c65d26000,0x00007f3c65e27000)]

Stack: [0x00007f3c65d26000,0x00007f3c65e27000],  sp=0x00007f3c65e25380,  free space=1020k
Native frames: (J=compiled Java code, j=interpreted, Vv=VM code, C=native code)
V  [libjvm.so+0xac3f0a]  VMError::report_and_die()+0x2ba
V  [libjvm.so+0x4fbf9b]  report_vm_out_of_memory(char const*, int, unsigned long, VMErrorType, char const*)+0x8b
V  [libjvm.so+0x9222d3]  os::Linux::commit_memory_impl(char*, unsigned long, bool)+0x103
V  [libjvm.so+0x922829]  os::pd_commit_memory(char*, unsigned long, unsigned long, bool)+0x29
V  [libjvm.so+0x91cb2a]  os::commit_memory(char*, unsigned long, unsigned long, bool)+0x2a
V  [libjvm.so+0x991053]  PSVirtualSpace::expand_by(unsigned long)+0x53
V  [libjvm.so+0x981177]  PSOldGen::initialize(ReservedSpace, unsigned long, char const*, int)+0xb7
V  [libjvm.so+0x2d884a]  AdjoiningGenerations::AdjoiningGenerations(ReservedSpace, GenerationSizer*, unsigned long)+0x39a
V  [libjvm.so+0x945686]  ParallelScavengeHeap::initialize()+0x1d6
V  [libjvm.so+0xa8c753]  Universe::initialize_heap()+0xf3
V  [libjvm.so+0xa8c99e]  universe_init()+0x3e
V  [libjvm.so+0x63bdf5]  init_globals()+0x65
V  [libjvm.so+0xa70bfe]  Threads::create_vm(JavaVMInitArgs*, bool*)+0x23e
V  [libjvm.so+0x6d08f4]  JNI_CreateJavaVM+0x74
C  [libjli.so+0x745e]  JavaMain+0x9e
C  [libpthread.so.0+0x8184]  start_thread+0xc4


---------------  P R O C E S S  ---------------

Java Threads: ( => current thread )

Other Threads:

=>0x00007f3c5c00a000 (exited) JavaThread "Unknown thread" [_thread_in_vm, id=3219, stack(0x00007f3c65d26000,0x00007f3c65e27000)]

VM state:not at safepoint (not fully initialized)

VM Mutex/Monitor currently owned by a thread: None

GC Heap History (0 events):
No events

Deoptimization events (0 events):
No events

Internal exceptions (0 events):
No events

Events (0 events):
No events


Dynamic libraries:
00400000-00401000 r-xp 00000000 08:01 5908058                            /usr/lib/jvm/java-8-oracle/bin/java
00600000-00601000 rw-p 00000000 08:01 5908058                            /usr/lib/jvm/java-8-oracle/bin/java
01dcf000-01df0000 rw-p 00000000 00:00 0                                  [heap]
c4f00000-eab00000 ---p 00000000 00:00 0 
eab00000-ed200000 rw-p 00000000 00:00 0 
ed200000-100000000 ---p 00000000 00:00 0 
7f3c4d000000-7f3c4d270000 rwxp 00000000 00:00 0 
7f3c4d270000-7f3c5c000000 ---p 00000000 00:00 0 
7f3c5c000000-7f3c5c032000 rw-p 00000000 00:00 0 
7f3c5c032000-7f3c60000000 ---p 00000000 00:00 0 
7f3c62660000-7f3c628e7000 rw-p 00000000 00:00 0 
7f3c628e7000-7f3c62a3c000 ---p 00000000 00:00 0 
7f3c62a3c000-7f3c62a50000 rw-p 00000000 00:00 0 
7f3c62a50000-7f3c62ae7000 ---p 00000000 00:00 0 
7f3c62ae7000-7f3c62af2000 rw-p 00000000 00:00 0 
7f3c62af2000-7f3c62ea8000 ---p 00000000 00:00 0 
7f3c62ea8000-7f3c62ec2000 r-xp 00000000 08:01 5903044                    /usr/lib/jvm/java-8-oracle/jre/lib/amd64/libzip.so
7f3c62ec2000-7f3c630c2000 ---p 0001a000 08:01 5903044                    /usr/lib/jvm/java-8-oracle/jre/lib/amd64/libzip.so
7f3c630c2000-7f3c630c3000 rw-p 0001a000 08:01 5903044                    /usr/lib/jvm/java-8-oracle/jre/lib/amd64/libzip.so
7f3c630c3000-7f3c630cd000 r-xp 00000000 08:01 7341274                    /lib/x86_64-linux-gnu/libnss_files-2.19.so
7f3c630cd000-7f3c632cc000 ---p 0000a000 08:01 7341274                    /lib/x86_64-linux-gnu/libnss_files-2.19.so
7f3c632cc000-7f3c632cd000 r--p 00009000 08:01 7341274                    /lib/x86_64-linux-gnu/libnss_files-2.19.so
7f3c632cd000-7f3c632ce000 rw-p 0000a000 08:01 7341274                    /lib/x86_64-linux-gnu/libnss_files-2.19.so
7f3c632ce000-7f3c632d9000 r-xp 00000000 08:01 7341083                    /lib/x86_64-linux-gnu/libnss_nis-2.19.so
7f3c632d9000-7f3c634d8000 ---p 0000b000 08:01 7341083                    /lib/x86_64-linux-gnu/libnss_nis-2.19.so
7f3c634d8000-7f3c634d9000 r--p 0000a000 08:01 7341083                    /lib/x86_64-linux-gnu/libnss_nis-2.19.so
7f3c634d9000-7f3c634da000 rw-p 0000b000 08:01 7341083                    /lib/x86_64-linux-gnu/libnss_nis-2.19.so
7f3c634da000-7f3c634f1000 r-xp 00000000 08:01 7341045                    /lib/x86_64-linux-gnu/libnsl-2.19.so
7f3c634f1000-7f3c636f0000 ---p 00017000 08:01 7341045                    /lib/x86_64-linux-gnu/libnsl-2.19.so
7f3c636f0000-7f3c636f1000 r--p 00016000 08:01 7341045                    /lib/x86_64-linux-gnu/libnsl-2.19.so
7f3c636f1000-7f3c636f2000 rw-p 00017000 08:01 7341045                    /lib/x86_64-linux-gnu/libnsl-2.19.so
7f3c636f2000-7f3c636f4000 rw-p 00000000 00:00 0 
7f3c636f4000-7f3c636fd000 r-xp 00000000 08:01 7341038                    /lib/x86_64-linux-gnu/libnss_compat-2.19.so
7f3c636fd000-7f3c638fc000 ---p 00009000 08:01 7341038                    /lib/x86_64-linux-gnu/libnss_compat-2.19.so
7f3c638fc000-7f3c638fd000 r--p 00008000 08:01 7341038                    /lib/x86_64-linux-gnu/libnss_compat-2.19.so
7f3c638fd000-7f3c638fe000 rw-p 00009000 08:01 7341038                    /lib/x86_64-linux-gnu/libnss_compat-2.19.so
7f3c638fe000-7f3c63928000 r-xp 00000000 08:01 5903130                    /usr/lib/jvm/java-8-oracle/jre/lib/amd64/libjava.so
7f3c63928000-7f3c63b28000 ---p 0002a000 08:01 5903130                    /usr/lib/jvm/java-8-oracle/jre/lib/amd64/libjava.so
7f3c63b28000-7f3c63b2a000 rw-p 0002a000 08:01 5903130                    /usr/lib/jvm/java-8-oracle/jre/lib/amd64/libjava.so
7f3c63b2a000-7f3c63b37000 r-xp 00000000 08:01 5903162                    /usr/lib/jvm/java-8-oracle/jre/lib/amd64/libverify.so
7f3c63b37000-7f3c63d37000 ---p 0000d000 08:01 5903162                    /usr/lib/jvm/java-8-oracle/jre/lib/amd64/libverify.so
7f3c63d37000-7f3c63d39000 rw-p 0000d000 08:01 5903162                    /usr/lib/jvm/java-8-oracle/jre/lib/amd64/libverify.so
7f3c63d39000-7f3c63d40000 r-xp 00000000 08:01 7341231                    /lib/x86_64-linux-gnu/librt-2.19.so
7f3c63d40000-7f3c63f3f000 ---p 00007000 08:01 7341231                    /lib/x86_64-linux-gnu/librt-2.19.so
7f3c63f3f000-7f3c63f40000 r--p 00006000 08:01 7341231                    /lib/x86_64-linux-gnu/librt-2.19.so
7f3c63f40000-7f3c63f41000 rw-p 00007000 08:01 7341231                    /lib/x86_64-linux-gnu/librt-2.19.so
7f3c63f41000-7f3c64046000 r-xp 00000000 08:01 7340996                    /lib/x86_64-linux-gnu/libm-2.19.so
7f3c64046000-7f3c64245000 ---p 00105000 08:01 7340996                    /lib/x86_64-linux-gnu/libm-2.19.so
7f3c64245000-7f3c64246000 r--p 00104000 08:01 7340996                    /lib/x86_64-linux-gnu/libm-2.19.so
7f3c64246000-7f3c64247000 rw-p 00105000 08:01 7340996                    /lib/x86_64-linux-gnu/libm-2.19.so
7f3c64247000-7f3c64f12000 r-xp 00000000 08:01 5903042                    /usr/lib/jvm/java-8-oracle/jre/lib/amd64/server/libjvm.so
7f3c64f12000-7f3c65111000 ---p 00ccb000 08:01 5903042                    /usr/lib/jvm/java-8-oracle/jre/lib/amd64/server/libjvm.so
7f3c65111000-7f3c651ea000 rw-p 00cca000 08:01 5903042                    /usr/lib/jvm/java-8-oracle/jre/lib/amd64/server/libjvm.so
7f3c651ea000-7f3c65235000 rw-p 00000000 00:00 0 
7f3c65235000-7f3c653ef000 r-xp 00000000 08:01 7341232                    /lib/x86_64-linux-gnu/libc-2.19.so
7f3c653ef000-7f3c655ef000 ---p 001ba000 08:01 7341232                    /lib/x86_64-linux-gnu/libc-2.19.so
7f3c655ef000-7f3c655f3000 r--p 001ba000 08:01 7341232                    /lib/x86_64-linux-gnu/libc-2.19.so
7f3c655f3000-7f3c655f5000 rw-p 001be000 08:01 7341232                    /lib/x86_64-linux-gnu/libc-2.19.so
7f3c655f5000-7f3c655fa000 rw-p 00000000 00:00 0 
7f3c655fa000-7f3c655fd000 r-xp 00000000 08:01 7341012                    /lib/x86_64-linux-gnu/libdl-2.19.so
7f3c655fd000-7f3c657fc000 ---p 00003000 08:01 7341012                    /lib/x86_64-linux-gnu/libdl-2.19.so
7f3c657fc000-7f3c657fd000 r--p 00002000 08:01 7341012                    /lib/x86_64-linux-gnu/libdl-2.19.so
7f3c657fd000-7f3c657fe000 rw-p 00003000 08:01 7341012                    /lib/x86_64-linux-gnu/libdl-2.19.so
7f3c657fe000-7f3c65813000 r-xp 00000000 08:01 5909476                    /usr/lib/jvm/java-8-oracle/lib/amd64/jli/libjli.so
7f3c65813000-7f3c65a13000 ---p 00015000 08:01 5909476                    /usr/lib/jvm/java-8-oracle/lib/amd64/jli/libjli.so
7f3c65a13000-7f3c65a14000 rw-p 00015000 08:01 5909476                    /usr/lib/jvm/java-8-oracle/lib/amd64/jli/libjli.so
7f3c65a14000-7f3c65a2d000 r-xp 00000000 08:01 7341059                    /lib/x86_64-linux-gnu/libpthread-2.19.so
7f3c65a2d000-7f3c65c2c000 ---p 00019000 08:01 7341059                    /lib/x86_64-linux-gnu/libpthread-2.19.so
7f3c65c2c000-7f3c65c2d000 r--p 00018000 08:01 7341059                    /lib/x86_64-linux-gnu/libpthread-2.19.so
7f3c65c2d000-7f3c65c2e000 rw-p 00019000 08:01 7341059                    /lib/x86_64-linux-gnu/libpthread-2.19.so
7f3c65c2e000-7f3c65c32000 rw-p 00000000 00:00 0 
7f3c65c32000-7f3c65c55000 r-xp 00000000 08:01 7341066                    /lib/x86_64-linux-gnu/ld-2.19.so
7f3c65d26000-7f3c65d29000 ---p 00000000 00:00 0 
7f3c65d29000-7f3c65e2b000 rw-p 00000000 00:00 0                          [stack:3219]
7f3c65e45000-7f3c65e48000 rw-p 00000000 00:00 0 
7f3c65e48000-7f3c65e50000 rw-s 00000000 08:01 3277090                    /tmp/hsperfdata_rdjong/3214
7f3c65e50000-7f3c65e51000 rw-p 00000000 00:00 0 
7f3c65e51000-7f3c65e52000 r--p 00000000 00:00 0 
7f3c65e52000-7f3c65e54000 rw-p 00000000 00:00 0 
7f3c65e54000-7f3c65e55000 r--p 00022000 08:01 7341066                    /lib/x86_64-linux-gnu/ld-2.19.so
7f3c65e55000-7f3c65e56000 rw-p 00023000 08:01 7341066                    /lib/x86_64-linux-gnu/ld-2.19.so
7f3c65e56000-7f3c65e57000 rw-p 00000000 00:00 0 
7fff774de000-7fff774ff000 rw-p 00000000 00:00 0                          [stack]
7fff7756e000-7fff77570000 r-xp 00000000 00:00 0                          [vdso]
ffffffffff600000-ffffffffff601000 r-xp 00000000 00:00 0                  [vsyscall]

VM Arguments:
jvm_args: -Djava.awt.headless=true -Xmx1024M -Dfile.encoding=UTF-8 -Duser.country=US -Duser.language=en -Duser.variant 
java_command: com.android.dx.command.Main --dex --force-jumbo --num-threads=4 --multi-dex --output /home/rdjong/AndroidStudioProjects/PokeDroid/app/build/intermediates/transforms/dex/debug/folders/1000/5/slice_4 /home/rdjong/AndroidStudioProjects/PokeDroid/app/build/intermediates/transforms/instantRunSlicer/debug/folders/1/5/slice_4
java_class_path (initial): /home/rdjong/Android/Sdk/build-tools/23.0.2/lib/dx.jar
Launcher Type: SUN_STANDARD

Environment Variables:
JAVA_HOME=/usr/lib/jvm/java-7-openjdk-amd64
PATH=/home/rdjong/bin:/usr/local/sbin:/usr/local/bin:/usr/sbin:/usr/bin:/sbin:/bin:/usr/games:/usr/local/games:/home/rdjong/Android/Sdk/tools/:/home/rdjong/010editor
LD_LIBRARY_PATH=/home/rdjong/android-studio/bin:
SHELL=/bin/bash
DISPLAY=:0

Signal Handlers:
SIGSEGV: [libjvm.so+0xac4790], sa_mask[0]=11111111011111111101111111111110, sa_flags=SA_RESTART|SA_SIGINFO
SIGBUS: [libjvm.so+0xac4790], sa_mask[0]=11111111011111111101111111111110, sa_flags=SA_RESTART|SA_SIGINFO
SIGFPE: [libjvm.so+0x91f140], sa_mask[0]=11111111011111111101111111111110, sa_flags=SA_RESTART|SA_SIGINFO
SIGPIPE: [libjvm.so+0x91f140], sa_mask[0]=11111111011111111101111111111110, sa_flags=SA_RESTART|SA_SIGINFO
SIGXFSZ: [libjvm.so+0x91f140], sa_mask[0]=11111111011111111101111111111110, sa_flags=SA_RESTART|SA_SIGINFO
SIGILL: [libjvm.so+0x91f140], sa_mask[0]=11111111011111111101111111111110, sa_flags=SA_RESTART|SA_SIGINFO
SIGUSR1: SIG_DFL, sa_mask[0]=00000000000000000000000000000000, sa_flags=none
SIGUSR2: [libjvm.so+0x920770], sa_mask[0]=00100000000000000000000000000000, sa_flags=SA_RESTART|SA_SIGINFO
SIGHUP: SIG_DFL, sa_mask[0]=00000000000000000000000000000000, sa_flags=none
SIGINT: SIG_DFL, sa_mask[0]=00000000000000000000000000000000, sa_flags=none
SIGTERM: SIG_DFL, sa_mask[0]=00000000000000000000000000000000, sa_flags=none
SIGQUIT: SIG_DFL, sa_mask[0]=00000000000000000000000000000000, sa_flags=none


---------------  S Y S T E M  ---------------

OS:DISTRIB_ID=Ubuntu
DISTRIB_RELEASE=14.04
DISTRIB_CODENAME=trusty
DISTRIB_DESCRIPTION="Ubuntu 14.04.5 LTS"

uname:Linux 3.13.0-24-generic #47-Ubuntu SMP Fri May 2 23:30:00 UTC 2014 x86_64
libc:glibc 2.19 NPTL 2.19 
rlimit: STACK 8192k, CORE 0k, NPROC 59842, NOFILE 4096, AS infinity
load average:2.06 2.12 1.99

/proc/meminfo:
MemTotal:        7689500 kB
MemFree:          121024 kB
Buffers:            7324 kB
Cached:           773640 kB
SwapCached:            0 kB
Active:          6587264 kB
Inactive:         743936 kB
Active(anon):    6553416 kB
Inactive(anon):   721120 kB
Active(file):      33848 kB
Inactive(file):    22816 kB
Unevictable:          32 kB
Mlocked:              32 kB
SwapTotal:             0 kB
SwapFree:              0 kB
Dirty:              1524 kB
Writeback:             0 kB
AnonPages:       6550408 kB
Mapped:           313860 kB
Shmem:            723832 kB
Slab:              82252 kB
SReclaimable:      35128 kB
SUnreclaim:        47124 kB
KernelStack:        6200 kB
PageTables:        56044 kB
NFS_Unstable:          0 kB
Bounce:                0 kB
WritebackTmp:          0 kB
CommitLimit:     3844748 kB
Committed_AS:   15172248 kB
VmallocTotal:   34359738367 kB
VmallocUsed:      362348 kB
VmallocChunk:   34359286620 kB
HardwareCorrupted:     0 kB
AnonHugePages:    520192 kB
HugePages_Total:       0
HugePages_Free:        0
HugePages_Rsvd:        0
HugePages_Surp:        0
Hugepagesize:       2048 kB
DirectMap4k:      117224 kB
DirectMap2M:     6729728 kB
DirectMap1G:     1048576 kB


CPU:total 4 (2 cores per cpu, 2 threads per core) family 6 model 69 stepping 1, cmov, cx8, fxsr, mmx, sse, sse2, sse3, ssse3, sse4.1, sse4.2, popcnt, avx, avx2, aes, clmul, erms, lzcnt, ht, tsc, tscinvbit, bmi1, bmi2

/proc/cpuinfo:
processor	: 0
vendor_id	: GenuineIntel
cpu family	: 6
model		: 69
model name	: Intel(R) Core(TM) i7-4500U CPU @ 1.80GHz
stepping	: 1
microcode	: 0x17
cpu MHz		: 1800.000
cache size	: 4096 KB
physical id	: 0
siblings	: 4
core id		: 0
cpu cores	: 2
apicid		: 0
initial apicid	: 0
fpu		: yes
fpu_exception	: yes
cpuid level	: 13
wp		: yes
flags		: fpu vme de pse tsc msr pae mce cx8 apic sep mtrr pge mca cmov pat pse36 clflush dts acpi mmx fxsr sse sse2 ss ht tm pbe syscall nx pdpe1gb rdtscp lm constant_tsc arch_perfmon pebs bts rep_good nopl xtopology nonstop_tsc aperfmperf eagerfpu pni pclmulqdq dtes64 monitor ds_cpl vmx est tm2 ssse3 fma cx16 xtpr pdcm pcid sse4_1 sse4_2 movbe popcnt tsc_deadline_timer aes xsave avx f16c rdrand lahf_lm abm ida arat epb xsaveopt pln pts dtherm tpr_shadow vnmi flexpriority ept vpid fsgsbase tsc_adjust bmi1 avx2 smep bmi2 erms invpcid
bogomips	: 4788.82
clflush size	: 64
cache_alignment	: 64
address sizes	: 39 bits physical, 48 bits virtual
power management:

processor	: 1
vendor_id	: GenuineIntel
cpu family	: 6
model		: 69
model name	: Intel(R) Core(TM) i7-4500U CPU @ 1.80GHz
stepping	: 1
microcode	: 0x17
cpu MHz		: 1800.000
cache size	: 4096 KB
physical id	: 0
siblings	: 4
core id		: 0
cpu cores	: 2
apicid		: 1
initial apicid	: 1
fpu		: yes
fpu_exception	: yes
cpuid level	: 13
wp		: yes
flags		: fpu vme de pse tsc msr pae mce cx8 apic sep mtrr pge mca cmov pat pse36 clflush dts acpi mmx fxsr sse sse2 ss ht tm pbe syscall nx pdpe1gb rdtscp lm constant_tsc arch_perfmon pebs bts rep_good nopl xtopology nonstop_tsc aperfmperf eagerfpu pni pclmulqdq dtes64 monitor ds_cpl vmx est tm2 ssse3 fma cx16 xtpr pdcm pcid sse4_1 sse4_2 movbe popcnt tsc_deadline_timer aes xsave avx f16c rdrand lahf_lm abm ida arat epb xsaveopt pln pts dtherm tpr_shadow vnmi flexpriority ept vpid fsgsbase tsc_adjust bmi1 avx2 smep bmi2 erms invpcid
bogomips	: 4788.82
clflush size	: 64
cache_alignment	: 64
address sizes	: 39 bits physical, 48 bits virtual
power management:

processor	: 2
vendor_id	: GenuineIntel
cpu family	: 6
model		: 69
model name	: Intel(R) Core(TM) i7-4500U CPU @ 1.80GHz
stepping	: 1
microcode	: 0x17
cpu MHz		: 1800.000
cache size	: 4096 KB
physical id	: 0
siblings	: 4
core id		: 1
cpu cores	: 2
apicid		: 2
initial apicid	: 2
fpu		: yes
fpu_exception	: yes
cpuid level	: 13
wp		: yes
flags		: fpu vme de pse tsc msr pae mce cx8 apic sep mtrr pge mca cmov pat pse36 clflush dts acpi mmx fxsr sse sse2 ss ht tm pbe syscall nx pdpe1gb rdtscp lm constant_tsc arch_perfmon pebs bts rep_good nopl xtopology nonstop_tsc aperfmperf eagerfpu pni pclmulqdq dtes64 monitor ds_cpl vmx est tm2 ssse3 fma cx16 xtpr pdcm pcid sse4_1 sse4_2 movbe popcnt tsc_deadline_timer aes xsave avx f16c rdrand lahf_lm abm ida arat epb xsaveopt pln pts dtherm tpr_shadow vnmi flexpriority ept vpid fsgsbase tsc_adjust bmi1 avx2 smep bmi2 erms invpcid
bogomips	: 4788.82
clflush size	: 64
cache_alignment	: 64
address sizes	: 39 bits physical, 48 bits virtual
power management:

processor	: 3
vendor_id	: GenuineIntel
cpu family	: 6
model		: 69
model name	: Intel(R) Core(TM) i7-4500U CPU @ 1.80GHz
stepping	: 1
microcode	: 0x17
cpu MHz		: 1800.000
cache size	: 4096 KB
physical id	: 0
siblings	: 4
core id		: 1
cpu cores	: 2
apicid		: 3
initial apicid	: 3
fpu		: yes
fpu_exception	: yes
cpuid level	: 13
wp		: yes
flags		: fpu vme de pse tsc msr pae mce cx8 apic sep mtrr pge mca cmov pat pse36 clflush dts acpi mmx fxsr sse sse2 ss ht tm pbe syscall nx pdpe1gb rdtscp lm constant_tsc arch_perfmon pebs bts rep_good nopl xtopology nonstop_tsc aperfmperf eagerfpu pni pclmulqdq dtes64 monitor ds_cpl vmx est tm2 ssse3 fma cx16 xtpr pdcm pcid sse4_1 sse4_2 movbe popcnt tsc_deadline_timer aes xsave avx f16c rdrand lahf_lm abm ida arat epb xsaveopt pln pts dtherm tpr_shadow vnmi flexpriority ept vpid fsgsbase tsc_adjust bmi1 avx2 smep bmi2 erms invpcid
bogomips	: 4788.82
clflush size	: 64
cache_alignment	: 64
address sizes	: 39 bits physical, 48 bits virtual
power management:



Memory: 4k page, physical 7689500k(121024k free), swap 0k(0k free)

vm_info: Java HotSpot(TM) 64-Bit Server VM (25.101-b13) for linux-amd64 JRE (1.8.0_101-b13), built on Jun 22 2016 02:59:44 by "java_re" with gcc 4.3.0 20080428 (Red Hat 4.3.0-8)

time: Mon Oct 31 15:42:08 2016
elapsed time: 0 seconds (0d 0h 0m 0s)

